<?xml version="1.0" encoding="UTF-8"?>
<!-- Generated by org.testng.reporters.JUnitXMLReporter -->
<testsuite hostname="RAHUL4470" name="Default test" tests="3" failures="0" timestamp="15 Jun 2017 09:08:51 GMT" time="10.041" errors="0">
  <testcase name="TC01" time="5.697" classname="com.Nagarro.nagp.selenium.testSuites.TestSuite"/>
  <testcase name="TC02" time="1.981" classname="com.Nagarro.nagp.selenium.testSuites.TestSuite"/>
  <testcase name="TC03" time="2.334" classname="com.Nagarro.nagp.selenium.testSuites.TestSuite"/>
</testsuite> <!-- Default test -->
