<?xml version="1.0" encoding="UTF-8"?>
<!-- Generated by org.testng.reporters.JUnitXMLReporter -->
<testsuite hostname="RAHUL4470" name="Default test" tests="3" failures="0" timestamp="1 May 2017 10:21:38 GMT" time="11.209" errors="0">
  <testcase name="TC01" time="5.163" classname="com.Nagarro.nagp.selenium.testSuites.TestSuite"/>
  <testcase name="TC02" time="4.032" classname="com.Nagarro.nagp.selenium.testSuites.TestSuite"/>
  <testcase name="TC03" time="1.916" classname="com.Nagarro.nagp.selenium.testSuites.TestSuite"/>
</testsuite> <!-- Default test -->
