<?xml version="1.0" encoding="UTF-8"?>
<!-- Generated by org.testng.reporters.JUnitXMLReporter -->
<testsuite hostname="RAHUL4470" name="Default test" tests="3" failures="0" timestamp="1 May 2017 13:51:05 GMT" time="8.506" errors="0">
  <testcase name="TC01" time="4.58" classname="com.Nagarro.nagp.selenium.testSuites.TestSuite"/>
  <testcase name="TC02" time="1.892" classname="com.Nagarro.nagp.selenium.testSuites.TestSuite"/>
  <testcase name="TC03" time="1.996" classname="com.Nagarro.nagp.selenium.testSuites.TestSuite"/>
</testsuite> <!-- Default test -->
