<?xml version="1.0" encoding="UTF-8"?>
<testng-results skipped="0" failed="0" total="3" passed="3">
  <reporter-output>
  </reporter-output>
  <suite name="suite" duration-ms="10041" started-at="2017-06-15T09:08:41Z" finished-at="2017-06-15T09:08:51Z">
    <groups>
    </groups>
    <test name="Default test" duration-ms="10041" started-at="2017-06-15T09:08:41Z" finished-at="2017-06-15T09:08:51Z">
      <class name="com.Nagarro.nagp.selenium.testSuites.TestSuite">
        <test-method status="PASS" signature="setUp()[pri:0, instance:com.Nagarro.nagp.selenium.testSuites.TestSuite@7a1ebcd8]" name="setUp" is-config="true" duration-ms="5800" started-at="2017-06-15T14:38:35Z" finished-at="2017-06-15T14:38:41Z">
          <reporter-output>
          </reporter-output>
        </test-method> <!-- setUp -->
        <test-method status="PASS" signature="handleTestMethodName(java.lang.reflect.Method)[pri:0, instance:com.Nagarro.nagp.selenium.testSuites.TestSuite@7a1ebcd8]" name="handleTestMethodName" is-config="true" duration-ms="1" started-at="2017-06-15T14:38:41Z" finished-at="2017-06-15T14:38:41Z">
          <params>
            <param index="0">
              <value>
                <![CDATA[public void com.Nagarro.nagp.selenium.testSuites.TestSuite.TC01(java.util.Hashtable)]]>
              </value>
            </param>
          </params>
          <reporter-output>
          </reporter-output>
        </test-method> <!-- handleTestMethodName -->
        <test-method status="PASS" signature="TC01(java.util.Hashtable)[pri:0, instance:com.Nagarro.nagp.selenium.testSuites.TestSuite@7a1ebcd8]" name="TC01" duration-ms="5697" started-at="2017-06-15T14:38:41Z" data-provider="dataProvider" finished-at="2017-06-15T14:38:46Z">
          <params>
            <param index="0">
              <value>
                <![CDATA[{password=mercury, userName=mercury}]]>
              </value>
            </param>
          </params>
          <reporter-output>
          </reporter-output>
        </test-method> <!-- TC01 -->
        <test-method status="PASS" signature="afterMethod(org.testng.ITestResult, java.lang.reflect.Method)[pri:0, instance:com.Nagarro.nagp.selenium.testSuites.TestSuite@7a1ebcd8]" name="afterMethod" is-config="true" duration-ms="0" started-at="2017-06-15T14:38:46Z" finished-at="2017-06-15T14:38:46Z">
          <params>
            <param index="0">
              <value>
                <![CDATA[[TestResult name=TC01 status=SUCCESS method=TestSuite.TC01(java.util.Hashtable)[pri:0, instance:com.Nagarro.nagp.selenium.testSuites.TestSuite@7a1ebcd8] output={null}]]]>
              </value>
            </param>
            <param index="1">
              <value>
                <![CDATA[public void com.Nagarro.nagp.selenium.testSuites.TestSuite.TC01(java.util.Hashtable)]]>
              </value>
            </param>
          </params>
          <reporter-output>
          </reporter-output>
        </test-method> <!-- afterMethod -->
        <test-method status="PASS" signature="handleTestMethodName(java.lang.reflect.Method)[pri:0, instance:com.Nagarro.nagp.selenium.testSuites.TestSuite@7a1ebcd8]" name="handleTestMethodName" is-config="true" duration-ms="2" started-at="2017-06-15T14:38:46Z" finished-at="2017-06-15T14:38:46Z">
          <params>
            <param index="0">
              <value>
                <![CDATA[public void com.Nagarro.nagp.selenium.testSuites.TestSuite.TC02(java.util.Hashtable) throws java.lang.InterruptedException]]>
              </value>
            </param>
          </params>
          <reporter-output>
          </reporter-output>
        </test-method> <!-- handleTestMethodName -->
        <test-method name="TC02" signature="TC02(java.util.Hashtable)[pri:0, instance:com.Nagarro.nagp.selenium.testSuites.TestSuite@7a1ebcd8]" status="PASS" duration-ms="1981" finished-at="2017-06-15T14:38:48Z" started-at="2017-06-15T14:38:46Z" depends-on-methods="com.Nagarro.nagp.selenium.testSuites.TestSuite.TC01" data-provider="dataProvider" description="Test case to create a one way trip for given number of passengers and locations">
          <params>
            <param index="0">
              <value>
                <![CDATA[{arrivingTo=Frankfurt, departingFrom=London, Passengers=3}]]>
              </value>
            </param>
          </params>
          <reporter-output>
          </reporter-output>
        </test-method> <!-- TC02 -->
        <test-method status="PASS" signature="afterMethod(org.testng.ITestResult, java.lang.reflect.Method)[pri:0, instance:com.Nagarro.nagp.selenium.testSuites.TestSuite@7a1ebcd8]" name="afterMethod" is-config="true" duration-ms="0" started-at="2017-06-15T14:38:48Z" finished-at="2017-06-15T14:38:48Z">
          <params>
            <param index="0">
              <value>
                <![CDATA[[TestResult name=TC02 status=SUCCESS method=TestSuite.TC02(java.util.Hashtable)[pri:0, instance:com.Nagarro.nagp.selenium.testSuites.TestSuite@7a1ebcd8] output={null}]]]>
              </value>
            </param>
            <param index="1">
              <value>
                <![CDATA[public void com.Nagarro.nagp.selenium.testSuites.TestSuite.TC02(java.util.Hashtable) throws java.lang.InterruptedException]]>
              </value>
            </param>
          </params>
          <reporter-output>
          </reporter-output>
        </test-method> <!-- afterMethod -->
        <test-method status="PASS" signature="handleTestMethodName(java.lang.reflect.Method)[pri:0, instance:com.Nagarro.nagp.selenium.testSuites.TestSuite@7a1ebcd8]" name="handleTestMethodName" is-config="true" duration-ms="0" started-at="2017-06-15T14:38:48Z" finished-at="2017-06-15T14:38:48Z">
          <params>
            <param index="0">
              <value>
                <![CDATA[public void com.Nagarro.nagp.selenium.testSuites.TestSuite.TC03(java.util.Hashtable) throws java.lang.InterruptedException]]>
              </value>
            </param>
          </params>
          <reporter-output>
          </reporter-output>
        </test-method> <!-- handleTestMethodName -->
        <test-method name="TC03" signature="TC03(java.util.Hashtable)[pri:0, instance:com.Nagarro.nagp.selenium.testSuites.TestSuite@7a1ebcd8]" status="PASS" duration-ms="2334" finished-at="2017-06-15T14:38:51Z" started-at="2017-06-15T14:38:48Z" depends-on-methods="com.Nagarro.nagp.selenium.testSuites.TestSuite.TC02" data-provider="dataProvider" description="Test case to verify user is able to select flights for the trip">
          <params>
            <param index="0">
              <value>
                <![CDATA[{arrivingAt=Blue Skies Airlines 631, departingFlight=Pangaea Airlines 362}]]>
              </value>
            </param>
          </params>
          <reporter-output>
          </reporter-output>
        </test-method> <!-- TC03 -->
        <test-method status="PASS" signature="afterMethod(org.testng.ITestResult, java.lang.reflect.Method)[pri:0, instance:com.Nagarro.nagp.selenium.testSuites.TestSuite@7a1ebcd8]" name="afterMethod" is-config="true" duration-ms="1" started-at="2017-06-15T14:38:51Z" finished-at="2017-06-15T14:38:51Z">
          <params>
            <param index="0">
              <value>
                <![CDATA[[TestResult name=TC03 status=SUCCESS method=TestSuite.TC03(java.util.Hashtable)[pri:0, instance:com.Nagarro.nagp.selenium.testSuites.TestSuite@7a1ebcd8] output={null}]]]>
              </value>
            </param>
            <param index="1">
              <value>
                <![CDATA[public void com.Nagarro.nagp.selenium.testSuites.TestSuite.TC03(java.util.Hashtable) throws java.lang.InterruptedException]]>
              </value>
            </param>
          </params>
          <reporter-output>
          </reporter-output>
        </test-method> <!-- afterMethod -->
        <test-method status="PASS" signature="tearDown()[pri:0, instance:com.Nagarro.nagp.selenium.testSuites.TestSuite@7a1ebcd8]" name="tearDown" is-config="true" duration-ms="962" started-at="2017-06-15T14:38:51Z" finished-at="2017-06-15T14:38:52Z">
          <reporter-output>
          </reporter-output>
        </test-method> <!-- tearDown -->
      </class> <!-- com.Nagarro.nagp.selenium.testSuites.TestSuite -->
    </test> <!-- Default test -->
  </suite> <!-- suite -->
</testng-results>
