<?xml version="1.0" encoding="UTF-8"?>
<!-- Generated by org.testng.reporters.JUnitXMLReporter -->
<testsuite hostname="RAHUL4470" name="Default test" tests="3" failures="0" timestamp="15 Jun 2017 09:34:21 GMT" time="9.305" errors="0">
  <testcase name="TC01" time="4.422" classname="com.Nagarro.nagp.selenium.testSuites.TestSuite"/>
  <testcase name="TC02" time="2.064" classname="com.Nagarro.nagp.selenium.testSuites.TestSuite"/>
  <testcase name="TC03" time="2.793" classname="com.Nagarro.nagp.selenium.testSuites.TestSuite"/>
</testsuite> <!-- Default test -->
