<?xml version="1.0" encoding="UTF-8"?>
<!-- Generated by org.testng.reporters.JUnitXMLReporter -->
<testsuite hostname="RAHUL4470" name="Default test" tests="3" failures="0" timestamp="1 May 2017 11:26:48 GMT" time="7.371" errors="0">
  <testcase name="TC01" time="4.071" classname="com.Nagarro.nagp.selenium.testSuites.TestSuite"/>
  <testcase name="TC02" time="1.331" classname="com.Nagarro.nagp.selenium.testSuites.TestSuite"/>
  <testcase name="TC03" time="1.891" classname="com.Nagarro.nagp.selenium.testSuites.TestSuite"/>
</testsuite> <!-- Default test -->
