<?xml version="1.0" encoding="UTF-8"?>
<!-- Generated by org.testng.reporters.JUnitXMLReporter -->
<testsuite hostname="RAHUL4470" name="Default test" tests="3" failures="0" timestamp="15 Jun 2017 08:31:49 GMT" time="0.01" errors="0">
  <testcase name="TC01" time="0.0" classname="com.Nagarro.nagp.selenium.testSuites.TestSuite">
    <skipped/>
  </testcase> <!-- TC01 -->
  <testcase name="TC02" time="0.0" classname="com.Nagarro.nagp.selenium.testSuites.TestSuite">
    <skipped/>
  </testcase> <!-- TC02 -->
  <testcase name="TC03" time="0.0" classname="com.Nagarro.nagp.selenium.testSuites.TestSuite">
    <skipped/>
  </testcase> <!-- TC03 -->
</testsuite> <!-- Default test -->
